<?xml version="1.0" encoding="UTF-8"?>
<!-- Generated by org.testng.reporters.JUnitXMLReporter -->
<testsuite ignored="0" hostname="DESKTOP-G3JJQCP" failures="0" tests="6" name="Default test" time="79.061" errors="0" timestamp="2024-12-31T12:20:07 IST">
  <testcase classname="tests.LoginTests" name="testLogin" time="24.115"/>
  <testcase classname="tests.LoginTests" name="testLogin" time="11.016"/>
  <testcase classname="tests.LoginTests" name="testLogin" time="4.498"/>
  <testcase classname="tests.LoginTests" name="testLogin" time="5.565"/>
  <testcase classname="tests.LoginTests" name="testLogin" time="9.857"/>
  <testcase classname="tests.LoginTests" name="testLogin" time="4.183"/>
</testsuite> <!-- Default test -->
