<?xml version="1.0" encoding="UTF-8"?>
<!-- Generated by org.testng.reporters.JUnitXMLReporter -->
<testsuite ignored="0" hostname="DESKTOP-G3JJQCP" failures="0" tests="10" name="Login and Admin Tests" time="88.489" errors="0" timestamp="2024-12-31T11:45:53 IST">
  <testcase classname="tests.LoginTests" name="testLogin" time="12.884"/>
  <testcase classname="tests.LoginTests" name="testLogin" time="9.55"/>
  <testcase classname="tests.LoginTests" name="testLogin" time="4.474"/>
  <testcase classname="tests.LoginTests" name="testLogin" time="4.254"/>
  <testcase classname="tests.LoginTests" name="testLogin" time="9.393"/>
  <testcase classname="tests.LoginTests" name="testLogin" time="3.985"/>
  <testcase classname="tests.AdminTests" name="testMenuCount" time="2.529"/>
  <testcase classname="tests.AdminTests" name="testSearchByUsername" time="2.386"/>
  <testcase classname="tests.AdminTests" name="testSearchByRole" time="2.814"/>
  <testcase classname="tests.AdminTests" name="testSearchByStatus" time="2.365"/>
</testsuite> <!-- Login and Admin Tests -->
