<?xml version="1.0" encoding="UTF-8"?>
<testng-results ignored="0" total="6" passed="6" failed="0" skipped="0">
  <reporter-output>
  </reporter-output>
  <suite started-at="2024-12-31T12:18:48 IST" name="Default suite" finished-at="2024-12-31T12:20:07 IST" duration-ms="79061">
    <groups>
    </groups>
    <test started-at="2024-12-31T12:18:48 IST" name="Default test" finished-at="2024-12-31T12:20:07 IST" duration-ms="79061">
      <class name="tests.LoginTests">
        <test-method is-config="true" signature="setup()[pri:0, instance:tests.LoginTests@31190526]" started-at="2024-12-31T12:18:48 IST" name="setup" finished-at="2024-12-31T12:19:03 IST" duration-ms="14937" status="PASS">
          <reporter-output>
          </reporter-output>
        </test-method> <!-- setup -->
        <test-method signature="testLogin(java.lang.String,java.lang.String,java.lang.String)[pri:0, instance:tests.LoginTests@31190526]" started-at="2024-12-31T12:19:05 IST" name="testLogin" data-provider="loginData" finished-at="2024-12-31T12:19:29 IST" duration-ms="24115" status="PASS">
          <params>
            <param index="0">
              <value>
                <![CDATA[Username]]>
              </value>
            </param>
            <param index="1">
              <value>
                <![CDATA[Password]]>
              </value>
            </param>
            <param index="2">
              <value>
                <![CDATA[ExpectedResult]]>
              </value>
            </param>
          </params>
          <reporter-output>
          </reporter-output>
        </test-method> <!-- testLogin -->
        <test-method signature="testLogin(java.lang.String,java.lang.String,java.lang.String)[pri:0, instance:tests.LoginTests@31190526]" started-at="2024-12-31T12:19:29 IST" name="testLogin" data-provider="loginData" finished-at="2024-12-31T12:19:40 IST" duration-ms="11016" status="PASS">
          <params>
            <param index="0">
              <value>
                <![CDATA[Admin]]>
              </value>
            </param>
            <param index="1">
              <value>
                <![CDATA[admin123]]>
              </value>
            </param>
            <param index="2">
              <value>
                <![CDATA[Pass]]>
              </value>
            </param>
          </params>
          <reporter-output>
          </reporter-output>
        </test-method> <!-- testLogin -->
        <test-method signature="testLogin(java.lang.String,java.lang.String,java.lang.String)[pri:0, instance:tests.LoginTests@31190526]" started-at="2024-12-31T12:19:40 IST" name="testLogin" data-provider="loginData" finished-at="2024-12-31T12:19:45 IST" duration-ms="4498" status="PASS">
          <params>
            <param index="0">
              <value>
                <![CDATA[Admin]]>
              </value>
            </param>
            <param index="1">
              <value>
                <![CDATA[wrongpass]]>
              </value>
            </param>
            <param index="2">
              <value>
                <![CDATA[Fail]]>
              </value>
            </param>
          </params>
          <reporter-output>
          </reporter-output>
        </test-method> <!-- testLogin -->
        <test-method signature="testLogin(java.lang.String,java.lang.String,java.lang.String)[pri:0, instance:tests.LoginTests@31190526]" started-at="2024-12-31T12:19:45 IST" name="testLogin" data-provider="loginData" finished-at="2024-12-31T12:19:50 IST" duration-ms="5565" status="PASS">
          <params>
            <param index="0">
              <value>
                <![CDATA[InvalidUser]]>
              </value>
            </param>
            <param index="1">
              <value>
                <![CDATA[admin123]]>
              </value>
            </param>
            <param index="2">
              <value>
                <![CDATA[Fail]]>
              </value>
            </param>
          </params>
          <reporter-output>
          </reporter-output>
        </test-method> <!-- testLogin -->
        <test-method signature="testLogin(java.lang.String,java.lang.String,java.lang.String)[pri:0, instance:tests.LoginTests@31190526]" started-at="2024-12-31T12:19:50 IST" name="testLogin" data-provider="loginData" finished-at="2024-12-31T12:20:00 IST" duration-ms="9857" status="PASS">
          <params>
            <param index="0">
              <value>
                <![CDATA[Admin]]>
              </value>
            </param>
            <param index="1">
              <value>
                <![CDATA[admin123]]>
              </value>
            </param>
            <param index="2">
              <value>
                <![CDATA[Pass]]>
              </value>
            </param>
          </params>
          <reporter-output>
          </reporter-output>
        </test-method> <!-- testLogin -->
        <test-method signature="testLogin(java.lang.String,java.lang.String,java.lang.String)[pri:0, instance:tests.LoginTests@31190526]" started-at="2024-12-31T12:20:00 IST" name="testLogin" data-provider="loginData" finished-at="2024-12-31T12:20:04 IST" duration-ms="4183" status="PASS">
          <params>
            <param index="0">
              <value>
                <![CDATA[Admin]]>
              </value>
            </param>
            <param index="1">
              <value>
                <![CDATA[wrongpass]]>
              </value>
            </param>
            <param index="2">
              <value>
                <![CDATA[Fail]]>
              </value>
            </param>
          </params>
          <reporter-output>
          </reporter-output>
        </test-method> <!-- testLogin -->
        <test-method is-config="true" signature="tearDown()[pri:0, instance:tests.LoginTests@31190526]" started-at="2024-12-31T12:20:04 IST" name="tearDown" finished-at="2024-12-31T12:20:07 IST" duration-ms="2693" status="PASS">
          <reporter-output>
          </reporter-output>
        </test-method> <!-- tearDown -->
      </class> <!-- tests.LoginTests -->
    </test> <!-- Default test -->
  </suite> <!-- Default suite -->
</testng-results>
